<?xml version="1.0" encoding="UTF-8"?>
<!-- Generated by org.testng.reporters.JUnitReportReporter -->
<testsuite skipped="0" hostname="MacBook-Pro-mac" name="tests.LeftMenuTests" tests="1" failures="0" timestamp="29 июл 2020 09:08:25 GMT" time="13.446" errors="0">
  <testcase name="switchTest" time="13.446" classname="tests.LeftMenuTests"/>
</testsuite> <!-- tests.LeftMenuTests -->
