<?xml version="1.0" encoding="UTF-8"?>
<!-- Generated by org.testng.reporters.JUnitReportReporter -->
<testsuite skipped="0" hostname="MacBook-Pro-mac" name="tests.PurchaseProduct" tests="1" failures="0" timestamp="29 июл 2020 11:13:01 GMT" time="54.141" errors="0">
  <testcase name="searchTest" time="54.141" classname="tests.PurchaseProduct"/>
</testsuite> <!-- tests.PurchaseProduct -->
