<?xml version="1.0" encoding="UTF-8"?>
<!-- Generated by org.testng.reporters.JUnitReportReporter -->
<testsuite skipped="0" hostname="MacBook-Pro-mac.local" name="tests.OnboardingTest" tests="1" failures="0" timestamp="17 июл 2020 07:38:05 GMT" time="33.477" errors="0">
  <testcase name="OnboardingTest" time="33.477" classname="tests.OnboardingTest"/>
</testsuite> <!-- tests.OnboardingTest -->
